C51 COMPILER V9.52.0.0   STCADC                                                            10/06/2018 15:32:16 PAGE 1   


C51 COMPILER V9.52.0.0, COMPILATION OF MODULE STCADC
OBJECT MODULE PLACED IN STCADC.OBJ
COMPILER INVOKED BY: C:\Keil\C51\BIN\C51.EXE STCADC.c BROWSE DEBUG OBJECTEXTEND TABS(2)

line level    source

*** WARNING C500 IN LINE 1 OF STCADC.c: LICENSE ERROR (R207(3): REGISTRY READ ERROR)

   1          #include <STC12C5A60S2.H>
   2          
   3          #define uint unsigned int
   4          #define uchar unsigned char
   5          
   6          uint shownum = 1024;//显示数值
   7          
   8          #include "573.h"//显示相关头文件
   9          #include "ADC.h"//显示相关头文件
  10          
  11          void main()
  12          {
  13   1          Timer0Init();//设置数码管T0中断
  14   1        P1ASF = 0x01 ;
  15   1          while(1)
  16   1          shownum = LVBUO();
  17   1      }


MODULE INFORMATION:   STATIC OVERLAYABLE
   CODE SIZE        =    436    ----
   CONSTANT SIZE    =   ----    ----
   XDATA SIZE       =   ----    ----
   PDATA SIZE       =   ----    ----
   DATA SIZE        =     46       4
   IDATA SIZE       =   ----    ----
   BIT SIZE         =   ----    ----
END OF MODULE INFORMATION.


C51 COMPILATION COMPLETE.  1 WARNING(S),  0 ERROR(S)
