C51 COMPILER V9.52.0.0   BZ                                                                10/01/2018 12:25:05 PAGE 1   


C51 COMPILER V9.52.0.0, COMPILATION OF MODULE BZ
OBJECT MODULE PLACED IN BZ.OBJ
COMPILER INVOKED BY: C:\Keil\C51\BIN\C51.EXE BZ.c BROWSE DEBUG OBJECTEXTEND TABS(2)

line level    source

*** WARNING C500 IN LINE 1 OF BZ.c: LICENSE ERROR (R207(3): REGISTRY READ ERROR)

   1          #include <STC12C5A60S2.H>
   2          
   3          
   4          sbit PWMOUT = P1^7 ;
   5          
   6          sbit L_redlight = P1^2;
   7          sbit R_redlight = P1^3;
   8          
   9          sbit key1 = P3^0;
  10          sbit key2 = P3^1;
  11          
  12          sbit zd = P1^5 ;
  13          int T0NUM = 0 ;
  14          int JD = 0 ;
  15          
  16          #include "DSQ.H"
  17          //###################################
  18          void delay(int NUM)
  19          {
  20   1          int i , j ;
  21   1          for(i=0 ; i<NUM ; i++)
  22   1              for(j=0 ; j<120 ; j++);
  23   1      }
  24          //####################################
  25          void keys()
  26          {
  27   1        if(key1 == 0)
  28   1          {
  29   2              delay(20);
  30   2              if(key1 == 0)   
  31   2              {
  32   3                  JD = 60;
  33   3                  T0NUM = 0;
  34   3              }
  35   2          }
  36   1          //---------------------------
  37   1          if(key2 == 0)
  38   1          {
  39   2              delay(20);
  40   2              if(key2 == 0)   
  41   2              {
  42   3                  JD = 120;
  43   3                  T0NUM = 0 ;
  44   3              }
  45   2          }
  46   1      }
  47          //####################################
  48          void main()
  49          {
  50   1          key1 = 1;
  51   1          key2 = 1;
  52   1          zd = 0 ;
  53   1          JD = 90 ;
  54   1          MN_DSQ_init();
C51 COMPILER V9.52.0.0   BZ                                                                10/01/2018 12:25:05 PAGE 2   

  55   1          while(1);
  56   1      }


MODULE INFORMATION:   STATIC OVERLAYABLE
   CODE SIZE        =    205    ----
   CONSTANT SIZE    =   ----    ----
   XDATA SIZE       =   ----    ----
   PDATA SIZE       =   ----    ----
   DATA SIZE        =      4    ----
   IDATA SIZE       =   ----    ----
   BIT SIZE         =   ----    ----
END OF MODULE INFORMATION.


C51 COMPILATION COMPLETE.  1 WARNING(S),  0 ERROR(S)
