C51 COMPILER V9.52.0.0   PWM                                                               09/22/2018 12:24:36 PAGE 1   


C51 COMPILER V9.52.0.0, COMPILATION OF MODULE PWM
OBJECT MODULE PLACED IN PWM.OBJ
COMPILER INVOKED BY: C:\Keil\C51\BIN\C51.EXE PWM.c BROWSE DEBUG OBJECTEXTEND TABS(2)

line level    source

*** WARNING C500 IN LINE 1 OF PWM.c: LICENSE ERROR (R207(3): REGISTRY READ ERROR)

   1          #include <STC12C5A60S2.H>
   2          
   3          #define uint unsigned int 
   4          #define uchar unsigned char 
   5          
   6          uint JD = 90;
   7          
   8          sbit PWM1 = P1^0 ;
   9          sbit key1 = P3^0 ;
  10          sbit key2 = P3^1 ;
  11          
  12          //**************************************************
  13          void delay(int x)
  14          {
  15   1        int i , j ;
  16   1        for(i=x ; i>0 ; i--)
  17   1          for(j=120 ; j>0 ; j--);
  18   1      }
  19          //***********************************************
  20          #include "PWM.h"
  21          #include "573.h"
  22          //**************************************************
  23          void Init()//PWM用T1，初始化函数
  24          {
  25   1          AUXR |= 0x80 ; //不分频，12倍速
  26   1          TMOD = 0x12 ; //定时器0模式2：八位重载
  27   1      
  28   1          TH0 = 256-122 ;//11us
  29   1          TL0 = 256-122 ;
  30   1          TH1 = (65536 - 11111) / 256 ;
  31   1          TL1 = (65536 - 11111) % 256 ;
  32   1      
  33   1          EA = 1 ; //全局中断开关
  34   1          ET0 = 1 ;
  35   1          ET1 = 1 ;
  36   1          TR0 = 1 ; //定时器中断开关
  37   1          TR1 = 1 ;
  38   1      }
  39          //*************************************************
  40          void main()
  41          {
  42   1          Init();
  43   1        while(1)
  44   1          {
  45   2              if(key1 == 0)
  46   2              {
  47   3                  delay(10);
  48   3                  if(key1 == 0)
  49   3                  {
  50   4                      JD ++ ;
  51   4                      while(key1 == 0);
  52   4                  }
  53   3              }
  54   2              //----------------------------
C51 COMPILER V9.52.0.0   PWM                                                               09/22/2018 12:24:36 PAGE 2   

  55   2              if(key2 == 0)
  56   2              {
  57   3                  delay(10);
  58   3                  if(key2 == 0)
  59   3                  {
  60   4                      JD -- ;
  61   4                      while(key2 == 0);
  62   4                  }
  63   3              }
  64   2              //------------------------------
  65   2              if(JD > 180)
  66   2                JD = 180 ;
  67   2              if(JD < 1)
  68   2                JD = 1 ;
  69   2              //------------------------------
  70   2              fpsshow();
  71   2          }
  72   1      }
  73          


MODULE INFORMATION:   STATIC OVERLAYABLE
   CODE SIZE        =    378    ----
   CONSTANT SIZE    =   ----    ----
   XDATA SIZE       =   ----    ----
   PDATA SIZE       =   ----    ----
   DATA SIZE        =     52    ----
   IDATA SIZE       =   ----    ----
   BIT SIZE         =   ----    ----
END OF MODULE INFORMATION.


C51 COMPILATION COMPLETE.  1 WARNING(S),  0 ERROR(S)
